<?xml version="1.0" encoding="UTF-8"?>
<testsuite xmlns:xsi="http://www.w3.org/2001/XMLSchema-instance" xsi:noNamespaceSchemaLocation="https://maven.apache.org/surefire/maven-surefire-plugin/xsd/surefire-test-report-3.0.xsd" version="3.0" name="TestSuite" time="17.631" tests="22" errors="0" skipped="0" failures="0">
  <properties>
[...]
</properties>
  <testcase name="testRegisterValidData" classname="tests.AuthTest" time="1.969">
    <system-out><![CDATA[15:55:42 [INFO ] AuthTest - Token obtained in BeforeClass: eyJhbGciOiJIUzI1NiIs...
15:55:44 [INFO ] AuthTest - Registered: eslam_auto_1782219342300@minitts.net
]]></system-out>
    <system-err><![CDATA[SLF4J: Failed to load class "org.slf4j.impl.StaticLoggerBinder".
SLF4J: Defaulting to no-operation (NOP) logger implementation
SLF4J: See http://www.slf4j.org/codes.html#StaticLoggerBinder for further details.
]]></system-err>
  </testcase>
  <testcase name="testConfirmEmailFixedOtp" classname="tests.AuthTest" time="0.365">
    <system-out><![CDATA[15:55:44 [INFO ] AuthTest - Email confirmed with OTP: 123456
]]></system-out>
  </testcase>
  <testcase name="testLoginValidCredentials" classname="tests.AuthTest" time="0.56">
    <system-out><![CDATA[15:55:45 [INFO ] AuthTest - Token saved: eyJhbGciOiJIUzI1NiIs...
]]></system-out>
  </testcase>
  <testcase name="testForgotPasswordValidEmail" classname="tests.AuthTest" time="1.093">
    <system-out><![CDATA[15:55:46 [INFO ] AuthTest - Forgot password OTP sent to: eslam_auto_1782219342300@minitts.net
]]></system-out>
  </testcase>
  <testcase name="testLoginWrongPassword" classname="tests.AuthTest" time="0.442">
    <system-out><![CDATA[15:55:46 [INFO ] AuthTest - Wrong password correctly rejected
]]></system-out>
  </testcase>
  <testcase name="testRegisterDuplicateEmail" classname="tests.AuthTest" time="0.239">
    <system-out><![CDATA[15:55:46 [INFO ] AuthTest - Duplicate email correctly rejected
]]></system-out>
  </testcase>
  <testcase name="testLoginNonExistingEmail" classname="tests.AuthTest" time="0.26">
    <system-out><![CDATA[15:55:47 [INFO ] AuthTest - Non-existing email correctly rejected
]]></system-out>
  </testcase>
  <testcase name="testRegisterExceededFName" classname="tests.AuthTest" time="0.22">
    <system-out><![CDATA[15:55:47 [INFO ] AuthTest - Exceeded fName correctly rejected
]]></system-out>
  </testcase>
  <testcase name="testConfirmEmailWrongOtp" classname="tests.AuthTest" time="0.256">
    <system-out><![CDATA[15:55:47 [INFO ] AuthTest - Wrong OTP correctly rejected
]]></system-out>
  </testcase>
  <testcase name="testSaveSign" classname="tests.SignTest" time="0.545">
    <system-out><![CDATA[15:55:47 [INFO ] SignTest - Token already exists, skipping login
15:55:48 [INFO ] SignTest - Sign saved with ID: 1367
]]></system-out>
  </testcase>
  <testcase name="testGetSignHistory" classname="tests.SignTest" time="0.267">
    <system-out><![CDATA[15:55:48 [INFO ] SignTest - Sign history retrieved
]]></system-out>
  </testcase>
  <testcase name="testGetSignById" classname="tests.SignTest" time="0.272">
    <system-out><![CDATA[15:55:48 [INFO ] SignTest - Sign by ID retrieved: 1367
]]></system-out>
  </testcase>
  <testcase name="testGetSignInvalidId" classname="tests.SignTest" time="0.246">
    <system-out><![CDATA[15:55:48 [INFO ] SignTest - Non-existing sign correctly rejected
]]></system-out>
  </testcase>
  <testcase name="testGetSignHistoryNoToken" classname="tests.SignTest" time="0.219">
    <system-out><![CDATA[15:55:49 [INFO ] SignTest - Unauthorized correctly rejected
]]></system-out>
  </testcase>
  <testcase name="testSaveSignEmptySentence" classname="tests.SignTest" time="0.217">
    <system-out><![CDATA[15:55:49 [INFO ] SignTest - Empty sentence correctly rejected
]]></system-out>
  </testcase>
  <testcase name="testTranscribeAudio" classname="tests.VoiceTest" time="2.815">
    <system-out><![CDATA[15:55:49 [INFO ] VoiceTest - Token already exists, skipping login
15:55:52 [INFO ] VoiceTest - Audio transcribed, voiceID: 250
]]></system-out>
  </testcase>
  <testcase name="testGetVoiceHistory" classname="tests.VoiceTest" time="0.307">
    <system-out><![CDATA[15:55:52 [INFO ] VoiceTest - Voice history retrieved
]]></system-out>
  </testcase>
  <testcase name="testGetVoiceById" classname="tests.VoiceTest" time="0.329">
    <system-out><![CDATA[15:55:52 [INFO ] VoiceTest - Voice by ID retrieved: 250
]]></system-out>
  </testcase>
  <testcase name="testDeleteVoice" classname="tests.VoiceTest" time="0.381">
    <system-out><![CDATA[15:55:53 [INFO ] VoiceTest - Voice deleted: 250
]]></system-out>
  </testcase>
  <testcase name="testTranscribeWrongExtension" classname="tests.VoiceTest" time="0.603">
    <system-out><![CDATA[15:55:53 [INFO ] VoiceTest - Wrong extension (MP3) correctly rejected
]]></system-out>
  </testcase>
  <testcase name="testGetAudioWrongFilename" classname="tests.VoiceTest" time="0.225">
    <system-out><![CDATA[15:55:54 [INFO ] VoiceTest - Wrong filename correctly rejected
]]></system-out>
  </testcase>
  <testcase name="testTranscribeWrongLanguage" classname="tests.VoiceTest" time="2.077">
    <system-out><![CDATA[15:55:56 [INFO ] VoiceTest - Wrong language type correctly rejected
]]></system-out>
  </testcase>
</testsuite>