<?xml version="1.0" encoding="UTF-8"?>
<!-- Generated by org.testng.reporters.JUnitReportReporter -->
<testsuite hostname="DESKTOP-65LO0NA" failures="0" tests="7" name="tests.VoiceTest" time="6.719" errors="0" timestamp="2026-06-23T15:55:56 EEST" skipped="0">
  <testcase classname="tests.VoiceTest" name="testTranscribeAudio" time="2.815"/>
  <testcase classname="tests.VoiceTest" name="testGetVoiceHistory" time="0.305"/>
  <testcase classname="tests.VoiceTest" name="testGetVoiceById" time="0.331"/>
  <testcase classname="tests.VoiceTest" name="testDeleteVoice" time="0.381"/>
  <testcase classname="tests.VoiceTest" name="testTranscribeWrongExtension" time="0.587"/>
  <testcase classname="tests.VoiceTest" name="testGetAudioWrongFilename" time="0.225"/>
  <testcase classname="tests.VoiceTest" name="testTranscribeWrongLanguage" time="2.075"/>
</testsuite> <!-- tests.VoiceTest -->
