<?xml version="1.0" encoding="UTF-8"?>
<!-- Generated by org.testng.reporters.JUnitReportReporter -->
<testsuite hostname="DESKTOP-65LO0NA" failures="0" tests="9" name="tests.AuthTest" time="5.316" errors="0" timestamp="2026-06-23T15:55:56 EEST" skipped="0">
  <testcase classname="tests.AuthTest" name="testRegisterValidData" time="1.922"/>
  <testcase classname="tests.AuthTest" name="testConfirmEmailFixedOtp" time="0.355"/>
  <testcase classname="tests.AuthTest" name="testLoginValidCredentials" time="0.556"/>
  <testcase classname="tests.AuthTest" name="testForgotPasswordValidEmail" time="1.086"/>
  <testcase classname="tests.AuthTest" name="testLoginWrongPassword" time="0.440"/>
  <testcase classname="tests.AuthTest" name="testRegisterDuplicateEmail" time="0.239"/>
  <testcase classname="tests.AuthTest" name="testLoginNonExistingEmail" time="0.254"/>
  <testcase classname="tests.AuthTest" name="testRegisterExceededFName" time="0.222"/>
  <testcase classname="tests.AuthTest" name="testConfirmEmailWrongOtp" time="0.242"/>
</testsuite> <!-- tests.AuthTest -->
