<?xml version="1.0" encoding="UTF-8"?>
<!-- Generated by org.testng.reporters.JUnitReportReporter -->
<testsuite hostname="DESKTOP-65LO0NA" failures="0" tests="6" name="tests.SignTest" time="1.779" errors="0" timestamp="2026-06-23T15:55:56 EEST" skipped="0">
  <testcase classname="tests.SignTest" name="testSaveSign" time="0.554"/>
  <testcase classname="tests.SignTest" name="testGetSignHistory" time="0.267"/>
  <testcase classname="tests.SignTest" name="testGetSignById" time="0.272"/>
  <testcase classname="tests.SignTest" name="testGetSignInvalidId" time="0.225"/>
  <testcase classname="tests.SignTest" name="testGetSignHistoryNoToken" time="0.226"/>
  <testcase classname="tests.SignTest" name="testSaveSignEmptySentence" time="0.235"/>
</testsuite> <!-- tests.SignTest -->
