<?xml version="1.0" encoding="UTF-8"?>
<!-- Generated by org.testng.reporters.JUnitXMLReporter -->
<testsuite ignored="2" hostname="DESKTOP-65LO0NA" failures="0" tests="22" name="Silent Voice API Tests" time="16.237" errors="0" timestamp="2026-06-23T15:55:56 EEST">
  <testcase classname="tests.AuthTest" name="testRegisterValidData" time="1.922"/>
  <testcase classname="tests.AuthTest" name="testConfirmEmailFixedOtp" time="0.355"/>
  <testcase classname="tests.AuthTest" name="testLoginValidCredentials" time="0.556"/>
  <testcase classname="tests.AuthTest" name="testForgotPasswordValidEmail" time="1.086"/>
  <testcase classname="tests.AuthTest" name="testLoginWrongPassword" time="0.44"/>
  <testcase classname="tests.AuthTest" name="testRegisterDuplicateEmail" time="0.239"/>
  <testcase classname="tests.AuthTest" name="testLoginNonExistingEmail" time="0.254"/>
  <testcase classname="tests.AuthTest" name="testRegisterExceededFName" time="0.222"/>
  <testcase classname="tests.AuthTest" name="testConfirmEmailWrongOtp" time="0.242"/>
  <testcase classname="tests.SignTest" name="testSaveSign" time="0.554"/>
  <testcase classname="tests.SignTest" name="testGetSignHistory" time="0.267"/>
  <testcase classname="tests.SignTest" name="testGetSignById" time="0.272"/>
  <testcase classname="tests.SignTest" name="testGetSignInvalidId" time="0.225"/>
  <testcase classname="tests.SignTest" name="testGetSignHistoryNoToken" time="0.226"/>
  <testcase classname="tests.SignTest" name="testSaveSignEmptySentence" time="0.235"/>
  <testcase classname="tests.VoiceTest" name="testTranscribeAudio" time="2.815"/>
  <testcase classname="tests.VoiceTest" name="testGetVoiceHistory" time="0.305"/>
  <testcase classname="tests.VoiceTest" name="testGetVoiceById" time="0.331"/>
  <testcase classname="tests.VoiceTest" name="testDeleteVoice" time="0.381"/>
  <testcase classname="tests.VoiceTest" name="testTranscribeWrongExtension" time="0.587"/>
  <testcase classname="tests.VoiceTest" name="testGetAudioWrongFilename" time="0.225"/>
  <testcase classname="tests.VoiceTest" name="testTranscribeWrongLanguage" time="2.075"/>
  <testcase classname="tests.BaseTest" name="@BeforeSuite setup" time="0.0">
    <ignored/>
  </testcase> <!-- @BeforeSuite setup -->
  <testcase classname="tests.BaseTest" name="@BeforeSuite setup" time="0.0">
    <ignored/>
  </testcase> <!-- @BeforeSuite setup -->
</testsuite> <!-- Silent Voice API Tests -->
